[2020-12-15 15:56:20] app.INFO: Protect vendor folder in module contactform [] []
[2020-12-15 15:56:20] app.INFO: Module contactform has no vendor folder [] []
[2020-12-15 15:56:21] app.INFO: Protect vendor folder in module dashactivity [] []
[2020-12-15 15:56:21] app.INFO: Module dashactivity has no vendor folder [] []
[2020-12-15 15:56:24] app.INFO: Protect vendor folder in module dashgoals [] []
[2020-12-15 15:56:24] app.INFO: Module dashgoals has no vendor folder [] []
[2020-12-15 15:56:25] app.INFO: Protect vendor folder in module dashproducts [] []
[2020-12-15 15:56:25] app.INFO: Module dashproducts has no vendor folder [] []
[2020-12-15 15:56:25] app.INFO: Protect vendor folder in module dashtrends [] []
[2020-12-15 15:56:25] app.INFO: Module dashtrends has no vendor folder [] []
[2020-12-15 15:56:26] app.INFO: Protect vendor folder in module graphnvd3 [] []
[2020-12-15 15:56:26] app.INFO: Module graphnvd3 has no vendor folder [] []
[2020-12-15 15:56:26] app.INFO: Protect vendor folder in module gridhtml [] []
[2020-12-15 15:56:26] app.INFO: Module gridhtml has no vendor folder [] []
[2020-12-15 15:56:27] app.INFO: Protect vendor folder in module gsitemap [] []
[2020-12-15 15:56:27] app.INFO: Module gsitemap has no vendor folder [] []
[2020-12-15 15:56:27] app.INFO: Protect vendor folder in module pagesnotfound [] []
[2020-12-15 15:56:27] app.INFO: Module pagesnotfound has no vendor folder [] []
[2020-12-15 15:56:29] app.INFO: Protect vendor folder in module productcomments [] []
[2020-12-15 15:56:29] app.INFO: Module productcomments has no vendor folder [] []
[2020-12-15 15:56:29] app.INFO: Protect vendor folder in module ps_banner [] []
[2020-12-15 15:56:29] app.INFO: Module ps_banner has no vendor folder [] []
[2020-12-15 15:56:30] app.INFO: Protect vendor folder in module ps_categorytree [] []
[2020-12-15 15:56:30] app.INFO: Module ps_categorytree has no vendor folder [] []
[2020-12-15 15:56:31] app.INFO: Protect vendor folder in module ps_checkpayment [] []
[2020-12-15 15:56:31] app.INFO: Module ps_checkpayment has no vendor folder [] []
[2020-12-15 15:56:31] app.INFO: Protect vendor folder in module ps_contactinfo [] []
[2020-12-15 15:56:31] app.INFO: Module ps_contactinfo has no vendor folder [] []
[2020-12-15 15:56:32] app.INFO: Protect vendor folder in module ps_crossselling [] []
[2020-12-15 15:56:32] app.INFO: Module ps_crossselling has no vendor folder [] []
[2020-12-15 15:56:32] app.INFO: Protect vendor folder in module ps_currencyselector [] []
[2020-12-15 15:56:32] app.INFO: Module ps_currencyselector has no vendor folder [] []
[2020-12-15 15:56:33] app.INFO: Protect vendor folder in module ps_customeraccountlinks [] []
[2020-12-15 15:56:33] app.INFO: Module ps_customeraccountlinks has no vendor folder [] []
[2020-12-15 15:56:33] app.INFO: Protect vendor folder in module ps_customersignin [] []
[2020-12-15 15:56:33] app.INFO: Module ps_customersignin has no vendor folder [] []
[2020-12-15 15:56:34] app.INFO: Protect vendor folder in module ps_customtext [] []
[2020-12-15 15:56:34] app.INFO: Module ps_customtext has no vendor folder [] []
[2020-12-15 15:56:35] app.INFO: Protect vendor folder in module ps_dataprivacy [] []
[2020-12-15 15:56:35] app.INFO: Module ps_dataprivacy has no vendor folder [] []
[2020-12-15 15:56:36] app.INFO: Protect vendor folder in module ps_emailsubscription [] []
[2020-12-15 15:56:36] app.INFO: Module ps_emailsubscription has no vendor folder [] []
[2020-12-15 15:56:39] app.INFO: Protect vendor folder in module ps_facetedsearch [] []
[2020-12-15 15:56:39] app.INFO: Module ps_facetedsearch has no vendor folder [] []
[2020-12-15 15:56:40] app.INFO: Protect vendor folder in module ps_faviconnotificationbo [] []
[2020-12-15 15:56:40] app.INFO: Module ps_faviconnotificationbo has no vendor folder [] []
[2020-12-15 15:56:41] app.INFO: Protect vendor folder in module ps_featuredproducts [] []
[2020-12-15 15:56:41] app.INFO: Module ps_featuredproducts has no vendor folder [] []
[2020-12-15 15:56:42] app.INFO: Protect vendor folder in module ps_imageslider [] []
[2020-12-15 15:56:42] app.INFO: Module ps_imageslider has no vendor folder [] []
[2020-12-15 15:56:43] app.INFO: Protect vendor folder in module ps_languageselector [] []
[2020-12-15 15:56:43] app.INFO: Module ps_languageselector has no vendor folder [] []
[2020-12-15 15:56:44] app.INFO: Protect vendor folder in module ps_linklist [] []
[2020-12-15 15:56:44] app.INFO: Module ps_linklist has no vendor folder [] []
[2020-12-15 15:56:44] app.ERROR: Cannot register tab "AdminLinkWidget" because it already exists [] []
[2020-12-15 15:56:46] app.INFO: Protect vendor folder in module ps_mainmenu [] []
[2020-12-15 15:56:46] app.INFO: Module ps_mainmenu has no vendor folder [] []
[2020-12-15 15:56:47] app.INFO: Protect vendor folder in module ps_searchbar [] []
[2020-12-15 15:56:47] app.INFO: Module ps_searchbar has no vendor folder [] []
[2020-12-15 15:56:47] app.INFO: Protect vendor folder in module ps_sharebuttons [] []
[2020-12-15 15:56:47] app.INFO: Module ps_sharebuttons has no vendor folder [] []
[2020-12-15 15:56:48] app.INFO: Protect vendor folder in module ps_shoppingcart [] []
[2020-12-15 15:56:48] app.INFO: Module ps_shoppingcart has no vendor folder [] []
[2020-12-15 15:56:48] app.INFO: Protect vendor folder in module ps_socialfollow [] []
[2020-12-15 15:56:48] app.INFO: Module ps_socialfollow has no vendor folder [] []
[2020-12-15 15:56:51] app.INFO: Protect vendor folder in module ps_themecusto [] []
[2020-12-15 15:56:51] app.INFO: Module ps_themecusto has no vendor folder [] []
[2020-12-15 15:56:52] app.INFO: Protect vendor folder in module ps_wirepayment [] []
[2020-12-15 15:56:52] app.INFO: Module ps_wirepayment has no vendor folder [] []
[2020-12-15 15:56:52] app.INFO: Protect vendor folder in module sekeywords [] []
[2020-12-15 15:56:52] app.INFO: Module sekeywords has no vendor folder [] []
[2020-12-15 15:56:53] app.INFO: Protect vendor folder in module statsbestcategories [] []
[2020-12-15 15:56:53] app.INFO: Module statsbestcategories has no vendor folder [] []
[2020-12-15 15:56:53] app.INFO: Protect vendor folder in module statsbestcustomers [] []
[2020-12-15 15:56:53] app.INFO: Module statsbestcustomers has no vendor folder [] []
[2020-12-15 15:56:53] app.INFO: Protect vendor folder in module statsbestproducts [] []
[2020-12-15 15:56:53] app.INFO: Module statsbestproducts has no vendor folder [] []
[2020-12-15 15:56:54] app.INFO: Protect vendor folder in module statsbestsuppliers [] []
[2020-12-15 15:56:54] app.INFO: Module statsbestsuppliers has no vendor folder [] []
[2020-12-15 15:56:54] app.INFO: Protect vendor folder in module statsbestvouchers [] []
[2020-12-15 15:56:54] app.INFO: Module statsbestvouchers has no vendor folder [] []
[2020-12-15 15:56:55] app.INFO: Protect vendor folder in module statscarrier [] []
[2020-12-15 15:56:55] app.INFO: Module statscarrier has no vendor folder [] []
[2020-12-15 15:56:55] app.INFO: Protect vendor folder in module statscatalog [] []
[2020-12-15 15:56:55] app.INFO: Module statscatalog has no vendor folder [] []
[2020-12-15 15:56:55] app.INFO: Protect vendor folder in module statscheckup [] []
[2020-12-15 15:56:55] app.INFO: Module statscheckup has no vendor folder [] []
[2020-12-15 15:56:56] app.INFO: Protect vendor folder in module statsdata [] []
[2020-12-15 15:56:56] app.INFO: Module statsdata has no vendor folder [] []
[2020-12-15 15:56:56] app.INFO: Protect vendor folder in module statsequipment [] []
[2020-12-15 15:56:56] app.INFO: Module statsequipment has no vendor folder [] []
[2020-12-15 15:56:57] app.INFO: Protect vendor folder in module statsforecast [] []
[2020-12-15 15:56:57] app.INFO: Module statsforecast has no vendor folder [] []
[2020-12-15 15:56:57] app.INFO: Protect vendor folder in module statslive [] []
[2020-12-15 15:56:57] app.INFO: Module statslive has no vendor folder [] []
[2020-12-15 15:56:58] app.INFO: Protect vendor folder in module statsnewsletter [] []
[2020-12-15 15:56:58] app.INFO: Module statsnewsletter has no vendor folder [] []
[2020-12-15 15:56:58] app.INFO: Protect vendor folder in module statsorigin [] []
[2020-12-15 15:56:58] app.INFO: Module statsorigin has no vendor folder [] []
[2020-12-15 15:56:58] app.INFO: Protect vendor folder in module statspersonalinfos [] []
[2020-12-15 15:56:58] app.INFO: Module statspersonalinfos has no vendor folder [] []
[2020-12-15 15:56:59] app.INFO: Protect vendor folder in module statsproduct [] []
[2020-12-15 15:56:59] app.INFO: Module statsproduct has no vendor folder [] []
[2020-12-15 15:56:59] app.INFO: Protect vendor folder in module statsregistrations [] []
[2020-12-15 15:56:59] app.INFO: Module statsregistrations has no vendor folder [] []
[2020-12-15 15:57:00] app.INFO: Protect vendor folder in module statssales [] []
[2020-12-15 15:57:00] app.INFO: Module statssales has no vendor folder [] []
[2020-12-15 15:57:00] app.INFO: Protect vendor folder in module statssearch [] []
[2020-12-15 15:57:00] app.INFO: Module statssearch has no vendor folder [] []
[2020-12-15 15:57:01] app.INFO: Protect vendor folder in module statsstock [] []
[2020-12-15 15:57:01] app.INFO: Module statsstock has no vendor folder [] []
[2020-12-15 15:57:01] app.INFO: Protect vendor folder in module statsvisits [] []
[2020-12-15 15:57:01] app.INFO: Module statsvisits has no vendor folder [] []
[2020-12-15 15:57:02] app.INFO: Protect vendor folder in module welcome [] []
[2020-12-15 15:57:02] app.INFO: Module welcome has no vendor folder [] []
[2020-12-15 15:57:09] app.INFO: Exporting mail with theme modern for language Français (French) [] []
[2020-12-15 15:57:09] app.INFO: Core output folder: /var/www/html/mails [] []
[2020-12-15 15:57:09] app.INFO: Modules output folder: /var/www/html/modules/ [] []
[2020-12-15 16:08:43] request.INFO: Matched route "admin_module_manage". {"route":"admin_module_manage","route_parameters":{"category":null,"keyword":null,"_controller":"PrestaShopBundle\\Controller\\Admin\\Improve\\ModuleController::manageAction","_legacy_controller":"AdminModulesManage","_legacy_link":["AdminModulesManage","AdminModulesSf"],"_route":"admin_module_manage"},"request_uri":"http://localhost/admin272gihg38/index.php/improve/modules/manage?_token=656Lv-MxkIRmiCl8i2CRIZsFq3MTDjMK83ot96oQxHU","method":"GET"} []
[2020-12-15 16:08:43] security.DEBUG: Read existing security token from the session. {"key":"_security_main","token_class":"Symfony\\Component\\Security\\Core\\Authentication\\Token\\UsernamePasswordToken"} []
[2020-12-15 16:08:43] security.DEBUG: User was reloaded from a user provider. {"provider":"PrestaShopBundle\\Security\\Admin\\EmployeeProvider","username":"nicop_33@hotmail.fr"} []
[2020-12-15 16:08:44] request.CRITICAL: Uncaught PHP Exception Symfony\Component\Debug\Exception\UndefinedMethodException: "Attempted to call an undefined method named "l" of class "ExerciceTargetWeb". Did you mean to call e.g. "fillLogo", "getModulesInstalled", "hasValidInstance", "install", "onDisable", "onEnable", "onInstall", "onMobileDisable", "onMobileEnable", "onUninstall" or "uninstall"?" at /var/www/html/modules/exerciceTargetWeb/exerciceTargetWeb.php line 26 {"exception":"[object] (Symfony\\Component\\Debug\\Exception\\UndefinedMethodException(code: 0): Attempted to call an undefined method named \"l\" of class \"ExerciceTargetWeb\".\nDid you mean to call e.g. \"fillLogo\", \"getModulesInstalled\", \"hasValidInstance\", \"install\", \"onDisable\", \"onEnable\", \"onInstall\", \"onMobileDisable\", \"onMobileEnable\", \"onUninstall\" or \"uninstall\"? at /var/www/html/modules/exerciceTargetWeb/exerciceTargetWeb.php:26)"} []
[2020-12-15 16:08:44] security.DEBUG: Stored the security token in the session. {"key":"_security_main"} []
